<?xml version="1.0" encoding="UTF-8"?>
<!-- Generated by org.testng.reporters.JUnitReportReporter -->
<testsuite hostname="MAC-LAP-101" name="Zephyr.Login" tests="1" failures="0" timestamp="24 Jul 2018 06:20:59 GMT" time="19.952" errors="0">
  <testcase name="login" time="19.952" classname="Zephyr.Login"/>
</testsuite> <!-- Zephyr.Login -->
